[2018-11-26 14:37:41,223]  1 -- INFO  -- EohiDataServerApi.QuarztHelper [Start] -- 20181126143741-创建定时器，启动定时器
[2018-11-26 14:37:41,775]  1 -- INFO  -- EohiDataServerApi.QuarztHelper [HttpJob_Create] -- 20181126143741-创建 HttpJob_Create1,任务测试,10秒钟访问一次,启动
[2018-11-26 14:37:42,013]  1 -- INFO  -- EohiDataServerApi.QuarztHelper [HttpJob_Create] -- 20181126143742-创建 HttpJob_Create47,新建,每5秒各钟执行一次,启动
[2018-11-26 14:37:42,225]  QuartzScheduler_Worker-1 -- INFO  -- EohiDataServerApi.HttpRequestJob [Execute] -- 20181126143742-创建任务连接请求
[2018-11-26 14:37:42,329]  1 -- INFO  -- EohiDataServerApi.QuarztHelper [HttpJob_Create] -- 20181126143742-创建 HttpJob_Create8,新建3,每3秒各钟执行一次,启动
[2018-11-26 14:37:42,330]  QuartzScheduler_Worker-2 -- INFO  -- EohiDataServerApi.HttpRequestJob [Execute] -- 20181126143742-创建任务连接请求
[2018-11-26 14:37:42,615]  1 -- INFO  -- EohiDataServerApi.QuarztHelper [HttpJob_Create] -- 20181126143742-创建 HttpJob_Create7,新建5,每5秒各钟执行一次,启动
[2018-11-26 14:37:42,742]  QuartzScheduler_Worker-2 -- INFO  -- EohiDataServerApi.HttpRequestJob [Execute] -- 20181126143742- HttpRequestJob+ Execute:http://www.hao715.com/?cs
[2018-11-26 14:37:45,000]  QuartzScheduler_Worker-3 -- INFO  -- EohiDataServerApi.HttpRequestJob [Execute] -- 20181126143745-创建任务连接请求
[2018-11-26 14:37:45,000]  QuartzScheduler_Worker-4 -- INFO  -- EohiDataServerApi.HttpRequestJob [Execute] -- 20181126143745-创建任务连接请求
[2018-11-26 14:37:45,141]  QuartzScheduler_Worker-4 -- INFO  -- EohiDataServerApi.HttpRequestJob [Execute] -- 20181126143745- HttpRequestJob+ Execute:http://www.hao715.com/?cs
[2018-11-26 14:37:45,158]  QuartzScheduler_Worker-3 -- INFO  -- EohiDataServerApi.HttpRequestJob [Execute] -- 20181126143745- HttpRequestJob+ Execute:http://www.hao715.com/?cs
[2018-11-26 14:37:45,363]  QuartzScheduler_Worker-1 -- INFO  -- EohiDataServerApi.HttpRequestJob [Execute] -- 20181126143745- HttpRequestJob+ Execute:操作超时:http://192.168.3.172:7890/
[2018-11-26 14:37:45,364]  QuartzScheduler_Worker-5 -- INFO  -- EohiDataServerApi.HttpRequestJob [Execute] -- 20181126143745-创建任务连接请求
[2018-11-26 14:37:48,000]  QuartzScheduler_Worker-6 -- INFO  -- EohiDataServerApi.HttpRequestJob [Execute] -- 20181126143748-创建任务连接请求
[2018-11-26 14:37:48,202]  QuartzScheduler_Worker-6 -- INFO  -- EohiDataServerApi.HttpRequestJob [Execute] -- 20181126143748- HttpRequestJob+ Execute:http://www.hao715.com/?cs
[2018-11-26 14:37:48,377]  QuartzScheduler_Worker-5 -- INFO  -- EohiDataServerApi.HttpRequestJob [Execute] -- 20181126143748- HttpRequestJob+ Execute:请求被中止: 操作超时。:http://192.168.3.172:7890/
[2018-11-26 14:37:48,378]  QuartzScheduler_Worker-7 -- INFO  -- EohiDataServerApi.HttpRequestJob [Execute] -- 20181126143748-创建任务连接请求
[2018-11-26 14:37:50,003]  QuartzScheduler_Worker-8 -- INFO  -- EohiDataServerApi.HttpRequestJob [Execute] -- 20181126143750-创建任务连接请求
[2018-11-26 14:37:50,003]  QuartzScheduler_Worker-9 -- INFO  -- EohiDataServerApi.HttpRequestJob [Execute] -- 20181126143750-创建任务连接请求
[2018-11-26 14:37:50,054]  QuartzScheduler_Worker-8 -- INFO  -- EohiDataServerApi.HttpRequestJob [Execute] -- 20181126143750- HttpRequestJob+ Execute:http://www.baidu.com
[2018-11-26 14:37:50,143]  QuartzScheduler_Worker-9 -- INFO  -- EohiDataServerApi.HttpRequestJob [Execute] -- 20181126143750- HttpRequestJob+ Execute:http://www.hao715.com/?cs
[2018-11-26 14:37:51,000]  QuartzScheduler_Worker-10 -- INFO  -- EohiDataServerApi.HttpRequestJob [Execute] -- 20181126143751-创建任务连接请求
[2018-11-26 14:37:51,128]  QuartzScheduler_Worker-10 -- INFO  -- EohiDataServerApi.HttpRequestJob [Execute] -- 20181126143751- HttpRequestJob+ Execute:http://www.hao715.com/?cs
[2018-11-26 14:37:51,393]  QuartzScheduler_Worker-7 -- INFO  -- EohiDataServerApi.HttpRequestJob [Execute] -- 20181126143751- HttpRequestJob+ Execute:请求被中止: 操作超时。:http://192.168.3.172:7890/
[2018-11-26 14:37:51,394]  QuartzScheduler_Worker-2 -- INFO  -- EohiDataServerApi.HttpRequestJob [Execute] -- 20181126143751-创建任务连接请求
[2018-11-26 14:37:54,000]  QuartzScheduler_Worker-4 -- INFO  -- EohiDataServerApi.HttpRequestJob [Execute] -- 20181126143754-创建任务连接请求
[2018-11-26 14:37:54,127]  QuartzScheduler_Worker-4 -- INFO  -- EohiDataServerApi.HttpRequestJob [Execute] -- 20181126143754- HttpRequestJob+ Execute:http://www.hao715.com/?cs
[2018-11-26 14:37:54,407]  QuartzScheduler_Worker-2 -- INFO  -- EohiDataServerApi.HttpRequestJob [Execute] -- 20181126143754- HttpRequestJob+ Execute:请求被中止: 操作超时。:http://192.168.3.172:7890/
[2018-11-26 14:37:54,408]  QuartzScheduler_Worker-3 -- INFO  -- EohiDataServerApi.HttpRequestJob [Execute] -- 20181126143754-创建任务连接请求
[2018-11-26 14:37:55,026]  QuartzScheduler_Worker-1 -- INFO  -- EohiDataServerApi.HttpRequestJob [Execute] -- 20181126143755-创建任务连接请求
[2018-11-26 14:37:55,374]  QuartzScheduler_Worker-1 -- INFO  -- EohiDataServerApi.HttpRequestJob [Execute] -- 20181126143755- HttpRequestJob+ Execute:http://www.hao715.com/?cs
[2018-11-26 14:37:57,000]  QuartzScheduler_Worker-6 -- INFO  -- EohiDataServerApi.HttpRequestJob [Execute] -- 20181126143757-创建任务连接请求
[2018-11-26 14:37:57,217]  QuartzScheduler_Worker-6 -- INFO  -- EohiDataServerApi.HttpRequestJob [Execute] -- 20181126143757- HttpRequestJob+ Execute:http://www.hao715.com/?cs
